0 info it worked if it ends with ok
1 verbose cli [ 'C:\\Program Files\\nodejs\\node.exe',
1 verbose cli   'C:\\Program Files\\nodejs\\node_modules\\npm\\bin\\npm-cli.js',
1 verbose cli   'run',
1 verbose cli   'test' ]
2 info using npm@3.10.10
3 info using node@v6.10.1
4 verbose run-script [ 'pretest', 'test', 'posttest' ]
5 info lifecycle simpson@1.0.0~pretest: simpson@1.0.0
6 silly lifecycle simpson@1.0.0~pretest: no script for pretest, continuing
7 info lifecycle simpson@1.0.0~test: simpson@1.0.0
8 verbose lifecycle simpson@1.0.0~test: unsafe-perm in lifecycle true
9 verbose lifecycle simpson@1.0.0~test: PATH: C:\Program Files\nodejs\node_modules\npm\bin\node-gyp-bin;C:\Users\aurel\Documents\IBTA\metodos_numericos\simpson\node_modules\.bin;C:\Users\aurel\Desktop\cmder\bin;C:\Users\aurel\Desktop\cmder\vendor\git-for-windows\cmd;C:\Users\aurel\Desktop\cmder\vendor\conemu-maximus5\ConEmu\Scripts;C:\Users\aurel\Desktop\cmder\vendor\conemu-maximus5;C:\Users\aurel\Desktop\cmder\vendor\conemu-maximus5\ConEmu;C:\Program Files (x86)\iis express\PHP\v5.5;C:\Program Files (x86)\mingw-w64\i686-6.3.0-posix-dwarf-rt_v5-rev1\mingw32\bin;C:\Users\aurel\AppData\Local\Microsoft\WindowsApps;C:\Users\aurel\AppData\Roaming\npm;C:\Program Files (x86)\Microsoft VS Code\bin;;C:\Program Files\MySQL\MySQL Enterprise Backup 4.0\;C:\Program Files\MySQL\MySQL Utilities 1.6\;C:\Program Files (x86)\GtkSharp\2.12\bin;C:\Program Files\nodejs\;C:\Program Files\Git\cmd;C:\Program Files (x86)\OpenSSH\bin;C:\Program Files\dotnet\;C:\Program Files (x86)\Yarn\bin;C:\Program Files\cURL\bin;C:\Users\aurel\AppData\Local\Programs\Python\Python36-32\Scripts\;C:\Users\aurel\AppData\Local\Programs\Python\Python36-32\;C:\Users\aurel\AppData\Local\Microsoft\WindowsApps;C:\Program Files (x86)\Microsoft VS Code\bin;C:\Users\aurel\AppData\Roaming\npm;C:\Program Files\Heroku\bin;C:\Program Files\apache-maven-3.5.0-bin\bin;C:\Program Files\Java\jdk1.8.0_121\bin;C:\Program Files\MongoDB\Server\3.4\bin;C:\cygwin64\bin;C:\Users\aurel\AppData\Local\Yarn\bin;C:\Users\aurel\Desktop\cmder\vendor\git-for-windows\usr\bin;C:\Users\aurel\Desktop\cmder\vendor\git-for-windows\usr\share\vim\vim74;C:\Users\aurel\Desktop\cmder\
10 verbose lifecycle simpson@1.0.0~test: CWD: C:\Users\aurel\Documents\IBTA\metodos_numericos\simpson
11 silly lifecycle simpson@1.0.0~test: Args: [ '/d /s /c', 'jest --coverage' ]
12 silly lifecycle simpson@1.0.0~test: Returned: code: 1  signal: null
13 info lifecycle simpson@1.0.0~test: Failed to exec test script
14 verbose stack Error: simpson@1.0.0 test: `jest --coverage`
14 verbose stack Exit status 1
14 verbose stack     at EventEmitter.<anonymous> (C:\Program Files\nodejs\node_modules\npm\lib\utils\lifecycle.js:255:16)
14 verbose stack     at emitTwo (events.js:106:13)
14 verbose stack     at EventEmitter.emit (events.js:191:7)
14 verbose stack     at ChildProcess.<anonymous> (C:\Program Files\nodejs\node_modules\npm\lib\utils\spawn.js:40:14)
14 verbose stack     at emitTwo (events.js:106:13)
14 verbose stack     at ChildProcess.emit (events.js:191:7)
14 verbose stack     at maybeClose (internal/child_process.js:886:16)
14 verbose stack     at Process.ChildProcess._handle.onexit (internal/child_process.js:226:5)
15 verbose pkgid simpson@1.0.0
16 verbose cwd C:\Users\aurel\Documents\IBTA\metodos_numericos\simpson
17 error Windows_NT 10.0.14393
18 error argv "C:\\Program Files\\nodejs\\node.exe" "C:\\Program Files\\nodejs\\node_modules\\npm\\bin\\npm-cli.js" "run" "test"
19 error node v6.10.1
20 error npm  v3.10.10
21 error code ELIFECYCLE
22 error simpson@1.0.0 test: `jest --coverage`
22 error Exit status 1
23 error Failed at the simpson@1.0.0 test script 'jest --coverage'.
23 error Make sure you have the latest version of node.js and npm installed.
23 error If you do, this is most likely a problem with the simpson package,
23 error not with npm itself.
23 error Tell the author that this fails on your system:
23 error     jest --coverage
23 error You can get information on how to open an issue for this project with:
23 error     npm bugs simpson
23 error Or if that isn't available, you can get their info via:
23 error     npm owner ls simpson
23 error There is likely additional logging output above.
24 verbose exit [ 1, true ]
